<?xml version="1.0" encoding="UTF-8" ?>
<testsuite tests="5" failures="0" name="dcll.ndes.SimpleStackImplTest" time="0.015" errors="0" skipped="0">
  <properties>
[...]
</properties>
  <testcase classname="dcll.ndes.SimpleStackImplTest" name="testPop" time="0.011"/>
  <testcase classname="dcll.ndes.SimpleStackImplTest" name="testPeek" time="0.001"/>
  <testcase classname="dcll.ndes.SimpleStackImplTest" name="testPush" time="0.001"/>
  <testcase classname="dcll.ndes.SimpleStackImplTest" name="testGetSize" time="0.001"/>
  <testcase classname="dcll.ndes.SimpleStackImplTest" name="testIsEmpty" time="0.001"/>
</testsuite>